2022-10-16 12:42:27 0 [Note] InnoDB: Mutexes and rw_locks use Windows interlocked functions
2022-10-16 12:42:27 0 [Note] InnoDB: Uses event mutexes
2022-10-16 12:42:28 0 [Note] InnoDB: Compressed tables use zlib 1.2.11
2022-10-16 12:42:28 0 [Note] InnoDB: Number of pools: 1
2022-10-16 12:42:28 0 [Note] InnoDB: Using SSE2 crc32 instructions
2022-10-16 12:42:28 0 [Note] InnoDB: Initializing buffer pool, total size = 16M, instances = 1, chunk size = 16M
2022-10-16 12:42:28 0 [Note] InnoDB: Completed initialization of buffer pool
2022-10-16 12:42:28 0 [Note] InnoDB: Starting crash recovery from checkpoint LSN=300288
2022-10-16 12:42:29 0 [Note] InnoDB: 128 out of 128 rollback segments are active.
2022-10-16 12:42:29 0 [Note] InnoDB: Removed temporary tablespace data file: "ibtmp1"
2022-10-16 12:42:29 0 [Note] InnoDB: Creating shared tablespace for temporary tables
2022-10-16 12:42:29 0 [Note] InnoDB: Setting file 'D:\xamp\mysql\data\ibtmp1' size to 12 MB. Physically writing the file full; Please wait ...
2022-10-16 12:42:29 0 [Note] InnoDB: File 'D:\xamp\mysql\data\ibtmp1' size is now 12 MB.
2022-10-16 12:42:29 0 [Note] InnoDB: Waiting for purge to start
2022-10-16 12:42:29 0 [Note] InnoDB: 10.4.25 started; log sequence number 300297; transaction id 170
2022-10-16 12:42:29 0 [Note] InnoDB: Loading buffer pool(s) from D:\xamp\mysql\data\ib_buffer_pool
2022-10-16 12:42:29 0 [Note] Plugin 'FEEDBACK' is disabled.
2022-10-16 12:42:29 0 [Note] Server socket created on IP: '::'.
2022-10-16 15:44:32 0 [Note] InnoDB: Mutexes and rw_locks use Windows interlocked functions
2022-10-16 15:44:32 0 [Note] InnoDB: Uses event mutexes
2022-10-16 15:44:32 0 [Note] InnoDB: Compressed tables use zlib 1.2.11
2022-10-16 15:44:32 0 [Note] InnoDB: Number of pools: 1
2022-10-16 15:44:32 0 [Note] InnoDB: Using SSE2 crc32 instructions
2022-10-16 15:44:32 0 [Note] InnoDB: Initializing buffer pool, total size = 16M, instances = 1, chunk size = 16M
2022-10-16 15:44:32 0 [Note] InnoDB: Completed initialization of buffer pool
2022-10-16 15:44:32 0 [Note] InnoDB: Starting crash recovery from checkpoint LSN=301029
2022-10-16 15:44:32 0 [Note] InnoDB: 128 out of 128 rollback segments are active.
2022-10-16 15:44:32 0 [Note] InnoDB: Removed temporary tablespace data file: "ibtmp1"
2022-10-16 15:44:32 0 [Note] InnoDB: Creating shared tablespace for temporary tables
2022-10-16 15:44:32 0 [Note] InnoDB: Setting file 'D:\xamp\mysql\data\ibtmp1' size to 12 MB. Physically writing the file full; Please wait ...
2022-10-16 15:44:32 0 [Note] InnoDB: File 'D:\xamp\mysql\data\ibtmp1' size is now 12 MB.
2022-10-16 15:44:32 0 [Note] InnoDB: Waiting for purge to start
2022-10-16 15:44:32 0 [Note] InnoDB: 10.4.25 started; log sequence number 301038; transaction id 195
2022-10-16 15:44:32 0 [Note] InnoDB: Loading buffer pool(s) from D:\xamp\mysql\data\ib_buffer_pool
2022-10-16 15:44:32 0 [Note] Plugin 'FEEDBACK' is disabled.
2022-10-16 15:44:32 0 [Note] Server socket created on IP: '::'.
2022-10-16 18:48:31 0 [Note] InnoDB: Mutexes and rw_locks use Windows interlocked functions
2022-10-16 18:48:31 0 [Note] InnoDB: Uses event mutexes
2022-10-16 18:48:31 0 [Note] InnoDB: Compressed tables use zlib 1.2.11
2022-10-16 18:48:31 0 [Note] InnoDB: Number of pools: 1
2022-10-16 18:48:31 0 [Note] InnoDB: Using SSE2 crc32 instructions
2022-10-16 18:48:31 0 [Note] InnoDB: Initializing buffer pool, total size = 16M, instances = 1, chunk size = 16M
2022-10-16 18:48:31 0 [Note] InnoDB: Completed initialization of buffer pool
2022-10-16 18:48:31 0 [Note] InnoDB: Starting crash recovery from checkpoint LSN=305624
2022-10-16 18:48:31 0 [Note] InnoDB: 128 out of 128 rollback segments are active.
2022-10-16 18:48:31 0 [Note] InnoDB: Removed temporary tablespace data file: "ibtmp1"
2022-10-16 18:48:31 0 [Note] InnoDB: Creating shared tablespace for temporary tables
2022-10-16 18:48:31 0 [Note] InnoDB: Setting file 'D:\xamp\mysql\data\ibtmp1' size to 12 MB. Physically writing the file full; Please wait ...
2022-10-16 18:48:31 0 [Note] InnoDB: File 'D:\xamp\mysql\data\ibtmp1' size is now 12 MB.
2022-10-16 18:48:31 0 [Note] InnoDB: Waiting for purge to start
2022-10-16 18:48:31 0 [Note] InnoDB: 10.4.25 started; log sequence number 305633; transaction id 224
2022-10-16 18:48:31 0 [Note] InnoDB: Loading buffer pool(s) from D:\xamp\mysql\data\ib_buffer_pool
2022-10-16 18:48:31 0 [Note] Plugin 'FEEDBACK' is disabled.
2022-10-16 18:48:31 0 [Note] Server socket created on IP: '::'.
2022-10-16 19:26:17 0 [Note] InnoDB: Mutexes and rw_locks use Windows interlocked functions
2022-10-16 19:26:17 0 [Note] InnoDB: Uses event mutexes
2022-10-16 19:26:17 0 [Note] InnoDB: Compressed tables use zlib 1.2.11
2022-10-16 19:26:17 0 [Note] InnoDB: Number of pools: 1
2022-10-16 19:26:17 0 [Note] InnoDB: Using SSE2 crc32 instructions
2022-10-16 19:26:17 0 [Note] InnoDB: Initializing buffer pool, total size = 16M, instances = 1, chunk size = 16M
2022-10-16 19:26:17 0 [Note] InnoDB: Completed initialization of buffer pool
2022-10-16 19:26:17 0 [Note] InnoDB: Starting crash recovery from checkpoint LSN=306656
2022-10-16 19:26:17 0 [Note] InnoDB: 128 out of 128 rollback segments are active.
2022-10-16 19:26:17 0 [Note] InnoDB: Removed temporary tablespace data file: "ibtmp1"
2022-10-16 19:26:17 0 [Note] InnoDB: Creating shared tablespace for temporary tables
2022-10-16 19:26:17 0 [Note] InnoDB: Setting file 'D:\xamp\mysql\data\ibtmp1' size to 12 MB. Physically writing the file full; Please wait ...
2022-10-16 19:26:17 0 [Note] InnoDB: File 'D:\xamp\mysql\data\ibtmp1' size is now 12 MB.
2022-10-16 19:26:17 0 [Note] InnoDB: Waiting for purge to start
2022-10-16 19:26:17 0 [Note] InnoDB: 10.4.25 started; log sequence number 306665; transaction id 257
2022-10-16 19:26:17 0 [Note] InnoDB: Loading buffer pool(s) from D:\xamp\mysql\data\ib_buffer_pool
2022-10-16 19:26:17 0 [Note] Plugin 'FEEDBACK' is disabled.
2022-10-16 19:26:17 0 [Note] Server socket created on IP: '::'.
2022-10-17 12:17:08 0 [Note] InnoDB: Mutexes and rw_locks use Windows interlocked functions
2022-10-17 12:17:08 0 [Note] InnoDB: Uses event mutexes
2022-10-17 12:17:08 0 [Note] InnoDB: Compressed tables use zlib 1.2.11
2022-10-17 12:17:08 0 [Note] InnoDB: Number of pools: 1
2022-10-17 12:17:08 0 [Note] InnoDB: Using SSE2 crc32 instructions
2022-10-17 12:17:08 0 [Note] InnoDB: Initializing buffer pool, total size = 16M, instances = 1, chunk size = 16M
2022-10-17 12:17:08 0 [Note] InnoDB: Completed initialization of buffer pool
2022-10-17 12:17:08 0 [Note] InnoDB: Starting crash recovery from checkpoint LSN=306743
2022-10-17 12:17:09 0 [Note] InnoDB: 128 out of 128 rollback segments are active.
2022-10-17 12:17:09 0 [Note] InnoDB: Removed temporary tablespace data file: "ibtmp1"
2022-10-17 12:17:09 0 [Note] InnoDB: Creating shared tablespace for temporary tables
2022-10-17 12:17:09 0 [Note] InnoDB: Setting file 'D:\xamp\mysql\data\ibtmp1' size to 12 MB. Physically writing the file full; Please wait ...
2022-10-17 12:17:09 0 [Note] InnoDB: File 'D:\xamp\mysql\data\ibtmp1' size is now 12 MB.
2022-10-17 12:17:09 0 [Note] InnoDB: Waiting for purge to start
2022-10-17 12:17:09 0 [Note] InnoDB: 10.4.25 started; log sequence number 306752; transaction id 257
2022-10-17 12:17:09 0 [Note] InnoDB: Loading buffer pool(s) from D:\xamp\mysql\data\ib_buffer_pool
2022-10-17 12:17:09 0 [Note] InnoDB: Buffer pool(s) load completed at 221017 12:17:09
2022-10-17 12:17:09 0 [Note] Plugin 'FEEDBACK' is disabled.
2022-10-17 12:17:09 0 [Note] Server socket created on IP: '::'.
2022-10-21 19:27:25 0 [Note] InnoDB: Mutexes and rw_locks use Windows interlocked functions
2022-10-21 19:27:25 0 [Note] InnoDB: Uses event mutexes
2022-10-21 19:27:25 0 [Note] InnoDB: Compressed tables use zlib 1.2.11
2022-10-21 19:27:25 0 [Note] InnoDB: Number of pools: 1
2022-10-21 19:27:25 0 [Note] InnoDB: Using SSE2 crc32 instructions
2022-10-21 19:27:25 0 [Note] InnoDB: Initializing buffer pool, total size = 16M, instances = 1, chunk size = 16M
2022-10-21 19:27:25 0 [Note] InnoDB: Completed initialization of buffer pool
2022-10-21 19:27:25 0 [Note] InnoDB: Starting crash recovery from checkpoint LSN=307760
2022-10-21 19:27:26 0 [Note] InnoDB: 128 out of 128 rollback segments are active.
2022-10-21 19:27:26 0 [Note] InnoDB: Removed temporary tablespace data file: "ibtmp1"
2022-10-21 19:27:26 0 [Note] InnoDB: Creating shared tablespace for temporary tables
2022-10-21 19:27:26 0 [Note] InnoDB: Setting file 'D:\xamp\mysql\data\ibtmp1' size to 12 MB. Physically writing the file full; Please wait ...
2022-10-21 19:27:26 0 [Note] InnoDB: File 'D:\xamp\mysql\data\ibtmp1' size is now 12 MB.
2022-10-21 19:27:26 0 [Note] InnoDB: Waiting for purge to start
2022-10-21 19:27:26 0 [Note] InnoDB: 10.4.25 started; log sequence number 307769; transaction id 282
2022-10-21 19:27:26 0 [Note] InnoDB: Loading buffer pool(s) from D:\xamp\mysql\data\ib_buffer_pool
2022-10-21 19:27:26 0 [Note] Plugin 'FEEDBACK' is disabled.
2022-10-21 19:27:26 0 [Note] InnoDB: Buffer pool(s) load completed at 221021 19:27:26
2022-10-21 19:27:26 0 [Note] Server socket created on IP: '::'.
2022-10-22 14:51:14 0 [Note] InnoDB: Mutexes and rw_locks use Windows interlocked functions
2022-10-22 14:51:14 0 [Note] InnoDB: Uses event mutexes
2022-10-22 14:51:14 0 [Note] InnoDB: Compressed tables use zlib 1.2.11
2022-10-22 14:51:14 0 [Note] InnoDB: Number of pools: 1
2022-10-22 14:51:14 0 [Note] InnoDB: Using SSE2 crc32 instructions
2022-10-22 14:51:14 0 [Note] InnoDB: Initializing buffer pool, total size = 16M, instances = 1, chunk size = 16M
2022-10-22 14:51:14 0 [Note] InnoDB: Completed initialization of buffer pool
2022-10-22 14:51:14 0 [Note] InnoDB: Starting crash recovery from checkpoint LSN=421426
2022-10-22 14:51:15 0 [Note] InnoDB: 128 out of 128 rollback segments are active.
2022-10-22 14:51:15 0 [Note] InnoDB: Removed temporary tablespace data file: "ibtmp1"
2022-10-22 14:51:15 0 [Note] InnoDB: Creating shared tablespace for temporary tables
2022-10-22 14:51:15 0 [Note] InnoDB: Setting file 'D:\xamp\mysql\data\ibtmp1' size to 12 MB. Physically writing the file full; Please wait ...
2022-10-22 14:51:15 0 [Note] InnoDB: File 'D:\xamp\mysql\data\ibtmp1' size is now 12 MB.
2022-10-22 14:51:15 0 [Note] InnoDB: Waiting for purge to start
2022-10-22 14:51:15 0 [Note] InnoDB: 10.4.25 started; log sequence number 421435; transaction id 634
2022-10-22 14:51:15 0 [Note] InnoDB: Loading buffer pool(s) from D:\xamp\mysql\data\ib_buffer_pool
2022-10-22 14:51:15 0 [Note] Plugin 'FEEDBACK' is disabled.
2022-10-22 14:51:15 0 [Note] InnoDB: Buffer pool(s) load completed at 221022 14:51:15
2022-10-22 14:51:15 0 [Note] Server socket created on IP: '::'.
2022-10-24 12:29:13 0 [Note] InnoDB: Mutexes and rw_locks use Windows interlocked functions
2022-10-24 12:29:13 0 [Note] InnoDB: Uses event mutexes
2022-10-24 12:29:13 0 [Note] InnoDB: Compressed tables use zlib 1.2.11
2022-10-24 12:29:13 0 [Note] InnoDB: Number of pools: 1
2022-10-24 12:29:13 0 [Note] InnoDB: Using SSE2 crc32 instructions
2022-10-24 12:29:13 0 [Note] InnoDB: Initializing buffer pool, total size = 16M, instances = 1, chunk size = 16M
2022-10-24 12:29:13 0 [Note] InnoDB: Completed initialization of buffer pool
2022-10-24 12:29:14 0 [Note] InnoDB: Starting crash recovery from checkpoint LSN=425414
2022-10-24 12:29:15 0 [Note] InnoDB: 128 out of 128 rollback segments are active.
2022-10-24 12:29:15 0 [Note] InnoDB: Removed temporary tablespace data file: "ibtmp1"
2022-10-24 12:29:15 0 [Note] InnoDB: Creating shared tablespace for temporary tables
2022-10-24 12:29:15 0 [Note] InnoDB: Setting file 'D:\xamp\mysql\data\ibtmp1' size to 12 MB. Physically writing the file full; Please wait ...
2022-10-24 12:29:15 0 [Note] InnoDB: File 'D:\xamp\mysql\data\ibtmp1' size is now 12 MB.
2022-10-24 12:29:15 0 [Note] InnoDB: Waiting for purge to start
2022-10-24 12:29:15 0 [Note] InnoDB: 10.4.25 started; log sequence number 425423; transaction id 668
2022-10-24 12:29:15 0 [Note] InnoDB: Loading buffer pool(s) from D:\xamp\mysql\data\ib_buffer_pool
2022-10-24 12:29:15 0 [Note] InnoDB: Buffer pool(s) load completed at 221024 12:29:15
2022-10-24 12:29:15 0 [Note] Plugin 'FEEDBACK' is disabled.
2022-10-24 12:29:15 0 [Note] Server socket created on IP: '::'.
2022-10-31 16:08:39 0 [Note] InnoDB: Mutexes and rw_locks use Windows interlocked functions
2022-10-31 16:08:39 0 [Note] InnoDB: Uses event mutexes
2022-10-31 16:08:39 0 [Note] InnoDB: Compressed tables use zlib 1.2.11
2022-10-31 16:08:39 0 [Note] InnoDB: Number of pools: 1
2022-10-31 16:08:39 0 [Note] InnoDB: Using SSE2 crc32 instructions
2022-10-31 16:08:39 0 [Note] InnoDB: Initializing buffer pool, total size = 16M, instances = 1, chunk size = 16M
2022-10-31 16:08:39 0 [Note] InnoDB: Completed initialization of buffer pool
2022-10-31 16:08:40 0 [Note] InnoDB: Starting crash recovery from checkpoint LSN=427238
2022-10-31 16:08:41 0 [Note] InnoDB: 128 out of 128 rollback segments are active.
2022-10-31 16:08:41 0 [Note] InnoDB: Removed temporary tablespace data file: "ibtmp1"
2022-10-31 16:08:41 0 [Note] InnoDB: Creating shared tablespace for temporary tables
2022-10-31 16:08:41 0 [Note] InnoDB: Setting file 'D:\xamp\mysql\data\ibtmp1' size to 12 MB. Physically writing the file full; Please wait ...
2022-10-31 16:08:41 0 [Note] InnoDB: File 'D:\xamp\mysql\data\ibtmp1' size is now 12 MB.
2022-10-31 16:08:41 0 [Note] InnoDB: Waiting for purge to start
2022-10-31 16:08:41 0 [Note] InnoDB: 10.4.25 started; log sequence number 427247; transaction id 696
2022-10-31 16:08:41 0 [Note] InnoDB: Loading buffer pool(s) from D:\xamp\mysql\data\ib_buffer_pool
2022-10-31 16:08:41 0 [Note] Plugin 'FEEDBACK' is disabled.
2022-10-31 16:08:41 0 [Note] InnoDB: Buffer pool(s) load completed at 221031 16:08:41
2022-10-31 16:08:41 0 [Note] Server socket created on IP: '::'.
2022-11-05 12:31:16 0 [Note] InnoDB: Mutexes and rw_locks use Windows interlocked functions
2022-11-05 12:31:16 0 [Note] InnoDB: Uses event mutexes
2022-11-05 12:31:16 0 [Note] InnoDB: Compressed tables use zlib 1.2.11
2022-11-05 12:31:16 0 [Note] InnoDB: Number of pools: 1
2022-11-05 12:31:16 0 [Note] InnoDB: Using SSE2 crc32 instructions
2022-11-05 12:31:16 0 [Note] InnoDB: Initializing buffer pool, total size = 16M, instances = 1, chunk size = 16M
2022-11-05 12:31:16 0 [Note] InnoDB: Completed initialization of buffer pool
2022-11-05 12:31:16 0 [Note] InnoDB: Starting crash recovery from checkpoint LSN=429746
2022-11-05 12:31:17 0 [Note] InnoDB: 128 out of 128 rollback segments are active.
2022-11-05 12:31:17 0 [Note] InnoDB: Removed temporary tablespace data file: "ibtmp1"
2022-11-05 12:31:17 0 [Note] InnoDB: Creating shared tablespace for temporary tables
2022-11-05 12:31:17 0 [Note] InnoDB: Setting file 'D:\xamp\mysql\data\ibtmp1' size to 12 MB. Physically writing the file full; Please wait ...
2022-11-05 12:31:17 0 [Note] InnoDB: File 'D:\xamp\mysql\data\ibtmp1' size is now 12 MB.
2022-11-05 12:31:17 0 [Note] InnoDB: Waiting for purge to start
2022-11-05 12:31:17 0 [Note] InnoDB: Waiting for purge to start
2022-11-05 12:31:17 0 [Note] InnoDB: 10.4.25 started; log sequence number 429755; transaction id 728
2022-11-05 12:31:17 0 [Note] InnoDB: Loading buffer pool(s) from D:\xamp\mysql\data\ib_buffer_pool
2022-11-05 12:31:17 0 [Note] Plugin 'FEEDBACK' is disabled.
2022-11-05 12:31:17 0 [Note] InnoDB: Buffer pool(s) load completed at 221105 12:31:17
2022-11-05 12:31:17 0 [Note] Server socket created on IP: '::'.
2022-11-05 17:55:51 0 [Note] InnoDB: Mutexes and rw_locks use Windows interlocked functions
2022-11-05 17:55:51 0 [Note] InnoDB: Uses event mutexes
2022-11-05 17:55:51 0 [Note] InnoDB: Compressed tables use zlib 1.2.11
2022-11-05 17:55:51 0 [Note] InnoDB: Number of pools: 1
2022-11-05 17:55:51 0 [Note] InnoDB: Using SSE2 crc32 instructions
2022-11-05 17:55:51 0 [Note] InnoDB: Initializing buffer pool, total size = 16M, instances = 1, chunk size = 16M
2022-11-05 17:55:51 0 [Note] InnoDB: Completed initialization of buffer pool
2022-11-05 17:55:52 0 [Note] InnoDB: Starting crash recovery from checkpoint LSN=450422
2022-11-05 17:55:53 0 [Note] InnoDB: 128 out of 128 rollback segments are active.
2022-11-05 17:55:53 0 [Note] InnoDB: Removed temporary tablespace data file: "ibtmp1"
2022-11-05 17:55:53 0 [Note] InnoDB: Creating shared tablespace for temporary tables
2022-11-05 17:55:53 0 [Note] InnoDB: Setting file 'D:\xamp\mysql\data\ibtmp1' size to 12 MB. Physically writing the file full; Please wait ...
2022-11-05 17:55:53 0 [Note] InnoDB: File 'D:\xamp\mysql\data\ibtmp1' size is now 12 MB.
2022-11-05 17:55:53 0 [Note] InnoDB: Waiting for purge to start
2022-11-05 17:55:53 0 [Note] InnoDB: 10.4.25 started; log sequence number 450431; transaction id 820
2022-11-05 17:55:53 0 [Note] InnoDB: Loading buffer pool(s) from D:\xamp\mysql\data\ib_buffer_pool
2022-11-05 17:55:53 0 [Note] Plugin 'FEEDBACK' is disabled.
2022-11-05 17:55:53 0 [Note] Server socket created on IP: '::'.
2022-11-05 18:00:47 0 [Note] InnoDB: Mutexes and rw_locks use Windows interlocked functions
2022-11-05 18:00:47 0 [Note] InnoDB: Uses event mutexes
2022-11-05 18:00:47 0 [Note] InnoDB: Compressed tables use zlib 1.2.11
2022-11-05 18:00:47 0 [Note] InnoDB: Number of pools: 1
2022-11-05 18:00:47 0 [Note] InnoDB: Using SSE2 crc32 instructions
2022-11-05 18:00:47 0 [Note] InnoDB: Initializing buffer pool, total size = 16M, instances = 1, chunk size = 16M
2022-11-05 18:00:47 0 [Note] InnoDB: Completed initialization of buffer pool
2022-11-05 18:00:47 0 [Note] InnoDB: Starting crash recovery from checkpoint LSN=455401
2022-11-05 18:00:48 0 [Note] InnoDB: 128 out of 128 rollback segments are active.
2022-11-05 18:00:48 0 [Note] InnoDB: Removed temporary tablespace data file: "ibtmp1"
2022-11-05 18:00:48 0 [Note] InnoDB: Creating shared tablespace for temporary tables
2022-11-05 18:00:48 0 [Note] InnoDB: Setting file 'D:\xamp\mysql\data\ibtmp1' size to 12 MB. Physically writing the file full; Please wait ...
2022-11-05 18:00:48 0 [Note] InnoDB: File 'D:\xamp\mysql\data\ibtmp1' size is now 12 MB.
2022-11-05 18:00:48 0 [Note] InnoDB: Waiting for purge to start
2022-11-05 18:00:48 0 [Note] InnoDB: 10.4.25 started; log sequence number 455410; transaction id 859
2022-11-05 18:00:48 0 [Note] InnoDB: Loading buffer pool(s) from D:\xamp\mysql\data\ib_buffer_pool
2022-11-05 18:00:48 0 [Note] Plugin 'FEEDBACK' is disabled.
2022-11-05 18:00:48 0 [Note] Server socket created on IP: '::'.
2022-11-05 18:09:26 0 [Note] InnoDB: Mutexes and rw_locks use Windows interlocked functions
2022-11-05 18:09:26 0 [Note] InnoDB: Uses event mutexes
2022-11-05 18:09:26 0 [Note] InnoDB: Compressed tables use zlib 1.2.11
2022-11-05 18:09:26 0 [Note] InnoDB: Number of pools: 1
2022-11-05 18:09:26 0 [Note] InnoDB: Using SSE2 crc32 instructions
2022-11-05 18:09:26 0 [Note] InnoDB: Initializing buffer pool, total size = 16M, instances = 1, chunk size = 16M
2022-11-05 18:09:26 0 [Note] InnoDB: Completed initialization of buffer pool
2022-11-05 18:09:27 0 [Note] InnoDB: Starting crash recovery from checkpoint LSN=455419
2022-11-05 18:09:29 0 [Note] InnoDB: 128 out of 128 rollback segments are active.
2022-11-05 18:09:29 0 [Note] InnoDB: Removed temporary tablespace data file: "ibtmp1"
2022-11-05 18:09:29 0 [Note] InnoDB: Creating shared tablespace for temporary tables
2022-11-05 18:09:29 0 [Note] InnoDB: Setting file 'D:\xamp\mysql\data\ibtmp1' size to 12 MB. Physically writing the file full; Please wait ...
2022-11-05 18:09:29 0 [Note] InnoDB: File 'D:\xamp\mysql\data\ibtmp1' size is now 12 MB.
2022-11-05 18:09:29 0 [Note] InnoDB: Waiting for purge to start
2022-11-05 18:09:29 0 [Note] InnoDB: 10.4.25 started; log sequence number 455428; transaction id 859
2022-11-05 18:09:29 0 [Note] InnoDB: Loading buffer pool(s) from D:\xamp\mysql\data\ib_buffer_pool
2022-11-05 18:09:29 0 [Note] Plugin 'FEEDBACK' is disabled.
2022-11-05 18:09:29 0 [Note] InnoDB: Buffer pool(s) load completed at 221105 18:09:29
2022-11-05 18:09:29 0 [Note] Server socket created on IP: '::'.
